Apr-28 07:46:48.196 [main] DEBUG nextflow.cli.Launcher - $> nextflow run main.nf -preview
Apr-28 07:46:48.355 [main] DEBUG nextflow.cli.CmdRun - N E X T F L O W  ~  version 25.10.4
Apr-28 07:46:48.390 [main] DEBUG nextflow.plugin.PluginsFacade - Setting up plugin manager > mode=prod; embedded=false; plugins-dir=/home/bedrock_agentcore/.nextflow/plugins; core-plugins: nf-amazon@3.4.4,nf-azure@1.20.2,nf-cloudcache@0.5.0,nf-codecommit@0.5.0,nf-console@1.3.0,nf-google@1.23.5,nf-k8s@1.2.2,nf-tower@1.17.5,nf-wave@1.16.1
Apr-28 07:46:48.416 [main] INFO  o.pf4j.DefaultPluginStatusProvider - Enabled plugins: []
Apr-28 07:46:48.416 [main] INFO  o.pf4j.DefaultPluginStatusProvider - Disabled plugins: []
Apr-28 07:46:48.419 [main] INFO  org.pf4j.DefaultPluginManager - PF4J version 3.12.0 in 'deployment' mode
Apr-28 07:46:48.435 [main] DEBUG nextflow.util.RetryConfig - Missing nextflow session - using default retry config
Apr-28 07:46:48.596 [main] INFO  org.pf4j.AbstractPluginManager - No plugins
Apr-28 07:46:48.643 [main] DEBUG nextflow.config.ConfigBuilder - Found config local: /app/home/user/ccc/nextflow.config
Apr-28 07:46:48.650 [main] DEBUG nextflow.config.ConfigBuilder - Parsing config file: /app/home/user/ccc/nextflow.config
Apr-28 07:46:48.698 [main] DEBUG nextflow.config.ConfigBuilder - Applying config profile: `standard`
Apr-28 07:46:49.666 [main] DEBUG nextflow.plugin.PluginsFacade - Plugins default=[]
Apr-28 07:46:49.667 [main] DEBUG nextflow.plugin.PluginsFacade - Plugins resolved requirement=[nf-wave@1.16.1]
Apr-28 07:46:49.929 [main] DEBUG n.plugin.HttpPluginRepository - Registry request: https://registry.nextflow.io/api/v1/plugins/dependencies?plugins=nf-wave%401.16.1&nextflowVersion=25.10.4
- code: 200
- body: {"plugins":[{"id":"nf-wave","releases":[{"version":"1.16.1","url":"https://registry.nextflow.io/api/v1/plugins/nf-wave/1.16.1/download/nf-wave-1.16.1.zip","date":"2025-10-21T15:57:24.05097Z","sha512sum":"721a14fef9680fc633700561385c4e9d49ad92cab120a556d26686d1bdca74e225888860df8ee85ab5acb808d0a50df04ce78a6be0259b0e91142cd74d01f7c3","requires":">=25.09.2-edge","dependsOn":[],"status":"PUBLISHED"}],"projectUrl":"https://github.com/nextflow-io/nf-wave","provider":"nextflow-io"}]}
Apr-28 07:46:49.976 [main] DEBUG nextflow.plugin.PluginUpdater - Installing plugin nf-wave version: 1.16.1
Apr-28 07:46:49.987 [main] INFO  org.pf4j.AbstractPluginManager - Plugin 'nf-wave@1.16.1' resolved
Apr-28 07:46:49.987 [main] INFO  org.pf4j.AbstractPluginManager - Start plugin 'nf-wave@1.16.1'
Apr-28 07:46:50.012 [main] DEBUG nextflow.plugin.BasePlugin - Plugin started nf-wave@1.16.1
Apr-28 07:46:50.031 [main] DEBUG n.secret.LocalSecretsProvider - Secrets store: /home/bedrock_agentcore/.nextflow/secrets/store.json
Apr-28 07:46:50.034 [main] DEBUG nextflow.secret.SecretsLoader - Discovered secrets providers: [nextflow.secret.LocalSecretsProvider@7951c3a2] - activable => nextflow.secret.LocalSecretsProvider@7951c3a2
Apr-28 07:46:50.045 [main] DEBUG nextflow.cli.CmdRun - Applied DSL=2 from script declaration
Apr-28 07:46:50.060 [main] DEBUG nextflow.cli.CmdRun - * PREVIEW * null [deadly_newton] DSL2 - revision: 2416da2e5c
Apr-28 07:46:50.115 [main] DEBUG nextflow.Session - Session UUID: c2c20030-315c-403b-9808-d074224f04b5
Apr-28 07:46:50.116 [main] DEBUG nextflow.Session - Run name: deadly_newton
Apr-28 07:46:50.116 [main] DEBUG nextflow.Session - Executor pool size: 2
Apr-28 07:46:50.128 [main] DEBUG nextflow.file.FilePorter - File porter settings maxRetries=3; maxTransfers=50; pollTimeout=null
Apr-28 07:46:50.133 [main] DEBUG nextflow.util.ThreadPoolBuilder - Creating thread pool 'FileTransfer' minSize=10; maxSize=10; workQueue=LinkedBlockingQueue[-1]; allowCoreThreadTimeout=false
Apr-28 07:46:50.151 [main] DEBUG nextflow.cli.CmdRun - 
  Version: 25.10.4 build 11177
  Created: 10-02-2026 17:12 UTC 
  System: Linux 6.1.158-15.288.amzn2023.aarch64
  Runtime: Groovy 4.0.28 on OpenJDK 64-Bit Server VM 17.0.18+8-Debian-1deb12u1
  Encoding: UTF-8 (UTF-8)
  Process: 550@localhost [127.0.0.1]
  CPUs: 2 - Mem: 7.8 GB (5.2 GB) - Swap: 0 (0)
Apr-28 07:46:50.181 [main] DEBUG nextflow.Session - Work-dir: /app/home/user/ccc/work [overlayfs]
Apr-28 07:46:50.214 [main] DEBUG nextflow.executor.ExecutorFactory - Extension executors providers=[]
Apr-28 07:46:50.238 [main] DEBUG nextflow.Session - Observer factory (v2): LinObserverFactory
Apr-28 07:46:50.250 [main] DEBUG nextflow.Session - Observer factory (v2): DefaultObserverFactory
Apr-28 07:46:50.275 [main] DEBUG n.plugin.HttpPluginRepository - Registry request: https://registry.nextflow.io/api/v1/plugins/dependencies?plugins=nf-amazon%403.4.4&nextflowVersion=25.10.4
- code: 200
- body: {"plugins":[{"id":"nf-amazon","releases":[{"version":"3.4.4","url":"https://registry.nextflow.io/api/v1/plugins/nf-amazon/3.4.4/download/nf-amazon-3.4.4.zip","date":"2026-02-10T15:21:20.535204Z","sha512sum":"76c37dc3b526e6d06b7fb5c171cd0679da4a5f7c6545eb16fba4ca5e7d812c60f555fb7a71718955a93aa02a22fec73b0e220ca0998725a0dbda0333b0f106ac","requires":">=25.09.2-edge","dependsOn":[],"status":"PUBLISHED"}],"projectUrl":"https://github.com/nextflow-io/nf-amazon","provider":"nextflow-io"}]}
Apr-28 07:46:50.280 [main] DEBUG nextflow.plugin.PluginUpdater - Installing plugin nf-amazon version: 3.4.4
Apr-28 07:46:50.288 [main] INFO  org.pf4j.AbstractPluginManager - Plugin 'nf-amazon@3.4.4' resolved
Apr-28 07:46:50.289 [main] INFO  org.pf4j.AbstractPluginManager - Start plugin 'nf-amazon@3.4.4'
Apr-28 07:46:50.310 [main] DEBUG nextflow.plugin.BasePlugin - Plugin started nf-amazon@3.4.4
Apr-28 07:46:50.338 [main] DEBUG nextflow.file.FileHelper - > Added 'S3FileSystemProvider' to list of installed providers [s3]
Apr-28 07:46:50.338 [main] DEBUG nextflow.file.FileHelper - Started plugin 'nf-amazon' required to handle file: s3://dinesh-rdr-omics-2026/results/golden_standard/pipeline_info/dag.html
Apr-28 07:46:50.348 [main] DEBUG nextflow.file.FileHelper - Creating a file system instance for provider: S3FileSystemProvider; config=[:]
Apr-28 07:46:50.368 [main] DEBUG nextflow.cloud.aws.config.AwsConfig - AWS S3 config properties: {max_error_retry=5}
Apr-28 07:46:51.364 [main] DEBUG nextflow.cloud.aws.nio.S3Client - Unable to fetch caller account - User: arn:aws:sts::876014314818:assumed-role/bedrock-agentcore-runtime-role/BedrockAgentCore-964e54fc-231e-4002-bf18-ee419c323b2f is not authorized to perform: s3:ListAllMyBuckets with an explicit deny in an identity-based policy (Service: S3, Status Code: 403, Request ID: PVPZMHBDNWRGV317, Extended Request ID: bQ8KwMle5oVcZyAXFS1VDw2kGm1Yc0LYIjkNQBkjNFi3NcHIHIbi1yeHaMUyBbjjw79Z6DWzPaJLFD0NvuOkAuplgsMmhm3t) (SDK Attempt Count: 1) 
Apr-28 07:46:51.411 [main] DEBUG nextflow.Session - Observer factory (v2): WaveFactory
Apr-28 07:46:51.452 [main] DEBUG nextflow.cache.CacheFactory - Using Nextflow cache factory: nextflow.cache.DefaultCacheFactory
Apr-28 07:46:51.462 [main] DEBUG nextflow.util.CustomThreadPool - Creating default thread pool > poolSize: 3; maxThreads: 1000
Apr-28 07:46:51.517 [main] DEBUG nextflow.Session - Session start
Apr-28 07:46:52.095 [main] DEBUG nextflow.Session - Access Denied (Service: S3, Status Code: 403, Request ID: 31KVTVSV57KF9GW8, Extended Request ID: EGOjJzM/7CGnWb48qdmnIAKyw7Czx+vogXOLwEi6hWwP8h1QkqbteM8gZVxw5OAg2toQ1Hu7j+I=) (SDK Attempt Count: 1)
software.amazon.awssdk.services.s3.model.S3Exception: Access Denied (Service: S3, Status Code: 403, Request ID: 31KVTVSV57KF9GW8, Extended Request ID: EGOjJzM/7CGnWb48qdmnIAKyw7Czx+vogXOLwEi6hWwP8h1QkqbteM8gZVxw5OAg2toQ1Hu7j+I=) (SDK Attempt Count: 1)
	at software.amazon.awssdk.services.s3.model.S3Exception$BuilderImpl.build(S3Exception.java:113)
	at software.amazon.awssdk.services.s3.model.S3Exception$BuilderImpl.build(S3Exception.java:61)
	at software.amazon.awssdk.core.internal.http.pipeline.stages.utils.RetryableStageHelper.retryPolicyDisallowedRetryException(RetryableStageHelper.java:168)
	at software.amazon.awssdk.core.internal.http.pipeline.stages.RetryableStage.execute(RetryableStage.java:73)
	at software.amazon.awssdk.core.internal.http.pipeline.stages.RetryableStage.execute(RetryableStage.java:36)
	at software.amazon.awssdk.core.internal.http.pipeline.RequestPipelineBuilder$ComposingRequestPipelineStage.execute(RequestPipelineBuilder.java:206)
	at software.amazon.awssdk.core.internal.http.StreamManagingStage.execute(StreamManagingStage.java:53)
	at software.amazon.awssdk.core.internal.http.StreamManagingStage.execute(StreamManagingStage.java:35)
	at software.amazon.awssdk.core.internal.http.pipeline.stages.ApiCallTimeoutTrackingStage.executeWithTimer(ApiCallTimeoutTrackingStage.java:82)
	at software.amazon.awssdk.core.internal.http.pipeline.stages.ApiCallTimeoutTrackingStage.execute(ApiCallTimeoutTrackingStage.java:62)
	at software.amazon.awssdk.core.internal.http.pipeline.stages.ApiCallTimeoutTrackingStage.execute(ApiCallTimeoutTrackingStage.java:43)
	at software.amazon.awssdk.core.internal.http.pipeline.stages.ApiCallMetricCollectionStage.execute(ApiCallMetricCollectionStage.java:50)
	at software.amazon.awssdk.core.internal.http.pipeline.stages.ApiCallMetricCollectionStage.execute(ApiCallMetricCollectionStage.java:32)
	at software.amazon.awssdk.core.internal.http.pipeline.RequestPipelineBuilder$ComposingRequestPipelineStage.execute(RequestPipelineBuilder.java:206)
	at software.amazon.awssdk.core.internal.http.pipeline.RequestPipelineBuilder$ComposingRequestPipelineStage.execute(RequestPipelineBuilder.java:206)
	at software.amazon.awssdk.core.internal.http.pipeline.stages.ExecutionFailureExceptionReportingStage.execute(ExecutionFailureExceptionReportingStage.java:37)
	at software.amazon.awssdk.core.internal.http.pipeline.stages.ExecutionFailureExceptionReportingStage.execute(ExecutionFailureExceptionReportingStage.java:26)
	at software.amazon.awssdk.core.internal.http.AmazonSyncHttpClient$RequestExecutionBuilderImpl.execute(AmazonSyncHttpClient.java:210)
	at software.amazon.awssdk.core.internal.handler.BaseSyncClientHandler.invoke(BaseSyncClientHandler.java:103)
	at software.amazon.awssdk.core.internal.handler.BaseSyncClientHandler.doExecute(BaseSyncClientHandler.java:173)
	at software.amazon.awssdk.core.internal.handler.BaseSyncClientHandler.lambda$execute$1(BaseSyncClientHandler.java:80)
	at software.amazon.awssdk.core.internal.handler.BaseSyncClientHandler.measureApiCallSuccess(BaseSyncClientHandler.java:182)
	at software.amazon.awssdk.core.internal.handler.BaseSyncClientHandler.execute(BaseSyncClientHandler.java:74)
	at software.amazon.awssdk.core.client.handler.SdkSyncClientHandler.execute(SdkSyncClientHandler.java:45)
	at software.amazon.awssdk.awscore.client.handler.AwsSyncClientHandler.execute(AwsSyncClientHandler.java:53)
	at software.amazon.awssdk.services.s3.DefaultS3Client.listObjects(DefaultS3Client.java:8563)
	at software.amazon.awssdk.services.s3.DelegatingS3Client.lambda$listObjects$68(DelegatingS3Client.java:6934)
	at software.amazon.awssdk.services.s3.internal.crossregion.S3CrossRegionSyncClient.invokeOperation(S3CrossRegionSyncClient.java:74)
	at software.amazon.awssdk.services.s3.DelegatingS3Client.listObjects(DelegatingS3Client.java:6934)
	at nextflow.cloud.aws.nio.S3Client.lambda$listObjects$2(S3Client.java:150)
	at nextflow.cloud.aws.nio.S3Client.runWithPermit(S3Client.java:106)
	at nextflow.cloud.aws.nio.S3Client.listObjects(S3Client.java:150)
	at nextflow.cloud.aws.nio.util.S3ObjectSummaryLookup.lookup(S3ObjectSummaryLookup.java:81)
	at nextflow.cloud.aws.nio.S3FileSystemProvider.readAttr0(S3FileSystemProvider.java:689)
	at nextflow.cloud.aws.nio.S3FileSystemProvider.readAttributes(S3FileSystemProvider.java:673)
	at java.base/java.nio.file.Files.readAttributes(Files.java:1851)
	at nextflow.file.FileHelper.readAttributes(FileHelper.groovy:1095)
	at nextflow.trace.GraphObserver.onFlowCreate(GraphObserver.groovy:70)
	at nextflow.Session$_notifyFlowCreate_lambda34.doCall(Session.groovy:1107)
	at nextflow.Session.notifyEvent(Session.groovy:1151)
	at nextflow.Session.notifyFlowCreate(Session.groovy:1107)
	at nextflow.Session.start(Session.groovy:596)
	at nextflow.script.ScriptRunner.execute(ScriptRunner.groovy:133)
	at nextflow.cli.CmdRun.run(CmdRun.groovy:429)
	at nextflow.cli.Launcher.run(Launcher.groovy:515)
	at nextflow.cli.Launcher.main(Launcher.groovy:675)
Apr-28 07:46:52.263 [main] DEBUG nextflow.Session - Access Denied (Service: S3, Status Code: 403, Request ID: 31KPRA1N50JDA3X1, Extended Request ID: PWXKjWvgbJGQIUFrJ10woQPgba0QHKoroyjX9I+CjbcIUEO2jdpufVyLpf1AOHoeqFsXA+sEV/0=) (SDK Attempt Count: 1)
software.amazon.awssdk.services.s3.model.S3Exception: Access Denied (Service: S3, Status Code: 403, Request ID: 31KPRA1N50JDA3X1, Extended Request ID: PWXKjWvgbJGQIUFrJ10woQPgba0QHKoroyjX9I+CjbcIUEO2jdpufVyLpf1AOHoeqFsXA+sEV/0=) (SDK Attempt Count: 1)
	at software.amazon.awssdk.services.s3.model.S3Exception$BuilderImpl.build(S3Exception.java:113)
	at software.amazon.awssdk.services.s3.model.S3Exception$BuilderImpl.build(S3Exception.java:61)
	at software.amazon.awssdk.core.internal.http.pipeline.stages.utils.RetryableStageHelper.retryPolicyDisallowedRetryException(RetryableStageHelper.java:168)
	at software.amazon.awssdk.core.internal.http.pipeline.stages.RetryableStage.execute(RetryableStage.java:73)
	at software.amazon.awssdk.core.internal.http.pipeline.stages.RetryableStage.execute(RetryableStage.java:36)
	at software.amazon.awssdk.core.internal.http.pipeline.RequestPipelineBuilder$ComposingRequestPipelineStage.execute(RequestPipelineBuilder.java:206)
	at software.amazon.awssdk.core.internal.http.StreamManagingStage.execute(StreamManagingStage.java:53)
	at software.amazon.awssdk.core.internal.http.StreamManagingStage.execute(StreamManagingStage.java:35)
	at software.amazon.awssdk.core.internal.http.pipeline.stages.ApiCallTimeoutTrackingStage.executeWithTimer(ApiCallTimeoutTrackingStage.java:82)
	at software.amazon.awssdk.core.internal.http.pipeline.stages.ApiCallTimeoutTrackingStage.execute(ApiCallTimeoutTrackingStage.java:62)
	at software.amazon.awssdk.core.internal.http.pipeline.stages.ApiCallTimeoutTrackingStage.execute(ApiCallTimeoutTrackingStage.java:43)
	at software.amazon.awssdk.core.internal.http.pipeline.stages.ApiCallMetricCollectionStage.execute(ApiCallMetricCollectionStage.java:50)
	at software.amazon.awssdk.core.internal.http.pipeline.stages.ApiCallMetricCollectionStage.execute(ApiCallMetricCollectionStage.java:32)
	at software.amazon.awssdk.core.internal.http.pipeline.RequestPipelineBuilder$ComposingRequestPipelineStage.execute(RequestPipelineBuilder.java:206)
	at software.amazon.awssdk.core.internal.http.pipeline.RequestPipelineBuilder$ComposingRequestPipelineStage.execute(RequestPipelineBuilder.java:206)
	at software.amazon.awssdk.core.internal.http.pipeline.stages.ExecutionFailureExceptionReportingStage.execute(ExecutionFailureExceptionReportingStage.java:37)
	at software.amazon.awssdk.core.internal.http.pipeline.stages.ExecutionFailureExceptionReportingStage.execute(ExecutionFailureExceptionReportingStage.java:26)
	at software.amazon.awssdk.core.internal.http.AmazonSyncHttpClient$RequestExecutionBuilderImpl.execute(AmazonSyncHttpClient.java:210)
	at software.amazon.awssdk.core.internal.handler.BaseSyncClientHandler.invoke(BaseSyncClientHandler.java:103)
	at software.amazon.awssdk.core.internal.handler.BaseSyncClientHandler.doExecute(BaseSyncClientHandler.java:173)
	at software.amazon.awssdk.core.internal.handler.BaseSyncClientHandler.lambda$execute$1(BaseSyncClientHandler.java:80)
	at software.amazon.awssdk.core.internal.handler.BaseSyncClientHandler.measureApiCallSuccess(BaseSyncClientHandler.java:182)
	at software.amazon.awssdk.core.internal.handler.BaseSyncClientHandler.execute(BaseSyncClientHandler.java:74)
	at software.amazon.awssdk.core.client.handler.SdkSyncClientHandler.execute(SdkSyncClientHandler.java:45)
	at software.amazon.awssdk.awscore.client.handler.AwsSyncClientHandler.execute(AwsSyncClientHandler.java:53)
	at software.amazon.awssdk.services.s3.DefaultS3Client.listObjects(DefaultS3Client.java:8563)
	at software.amazon.awssdk.services.s3.DelegatingS3Client.lambda$listObjects$68(DelegatingS3Client.java:6934)
	at software.amazon.awssdk.services.s3.internal.crossregion.S3CrossRegionSyncClient.invokeOperation(S3CrossRegionSyncClient.java:74)
	at software.amazon.awssdk.services.s3.DelegatingS3Client.listObjects(DelegatingS3Client.java:6934)
	at nextflow.cloud.aws.nio.S3Client.lambda$listObjects$2(S3Client.java:150)
	at nextflow.cloud.aws.nio.S3Client.runWithPermit(S3Client.java:106)
	at nextflow.cloud.aws.nio.S3Client.listObjects(S3Client.java:150)
	at nextflow.cloud.aws.nio.util.S3ObjectSummaryLookup.lookup(S3ObjectSummaryLookup.java:81)
	at nextflow.cloud.aws.nio.S3FileSystemProvider.checkAccess(S3FileSystemProvider.java:586)
	at java.base/java.nio.file.Files.exists(Files.java:2527)
	at nextflow.trace.ReportObserver.onFlowCreate(ReportObserver.groovy:118)
	at nextflow.Session$_notifyFlowCreate_lambda34.doCall(Session.groovy:1107)
	at nextflow.Session.notifyEvent(Session.groovy:1151)
	at nextflow.Session.notifyFlowCreate(Session.groovy:1107)
	at nextflow.Session.start(Session.groovy:596)
	at nextflow.script.ScriptRunner.execute(ScriptRunner.groovy:133)
	at nextflow.cli.CmdRun.run(CmdRun.groovy:429)
	at nextflow.cli.Launcher.run(Launcher.groovy:515)
	at nextflow.cli.Launcher.main(Launcher.groovy:675)
Apr-28 07:46:52.431 [main] DEBUG nextflow.Session - Access Denied (Service: S3, Status Code: 403, Request ID: 31KJ2PSX99ZH9APN, Extended Request ID: bUXPytqiQpVvocvxK9vnFoiio9eViuMubzLOwbWIs6f6amhQhHBtqBa1qGRRu0QS/EB/B2lMWSk=) (SDK Attempt Count: 1)
software.amazon.awssdk.services.s3.model.S3Exception: Access Denied (Service: S3, Status Code: 403, Request ID: 31KJ2PSX99ZH9APN, Extended Request ID: bUXPytqiQpVvocvxK9vnFoiio9eViuMubzLOwbWIs6f6amhQhHBtqBa1qGRRu0QS/EB/B2lMWSk=) (SDK Attempt Count: 1)
	at software.amazon.awssdk.services.s3.model.S3Exception$BuilderImpl.build(S3Exception.java:113)
	at software.amazon.awssdk.services.s3.model.S3Exception$BuilderImpl.build(S3Exception.java:61)
	at software.amazon.awssdk.core.internal.http.pipeline.stages.utils.RetryableStageHelper.retryPolicyDisallowedRetryException(RetryableStageHelper.java:168)
	at software.amazon.awssdk.core.internal.http.pipeline.stages.RetryableStage.execute(RetryableStage.java:73)
	at software.amazon.awssdk.core.internal.http.pipeline.stages.RetryableStage.execute(RetryableStage.java:36)
	at software.amazon.awssdk.core.internal.http.pipeline.RequestPipelineBuilder$ComposingRequestPipelineStage.execute(RequestPipelineBuilder.java:206)
	at software.amazon.awssdk.core.internal.http.StreamManagingStage.execute(StreamManagingStage.java:53)
	at software.amazon.awssdk.core.internal.http.StreamManagingStage.execute(StreamManagingStage.java:35)
	at software.amazon.awssdk.core.internal.http.pipeline.stages.ApiCallTimeoutTrackingStage.executeWithTimer(ApiCallTimeoutTrackingStage.java:82)
	at software.amazon.awssdk.core.internal.http.pipeline.stages.ApiCallTimeoutTrackingStage.execute(ApiCallTimeoutTrackingStage.java:62)
	at software.amazon.awssdk.core.internal.http.pipeline.stages.ApiCallTimeoutTrackingStage.execute(ApiCallTimeoutTrackingStage.java:43)
	at software.amazon.awssdk.core.internal.http.pipeline.stages.ApiCallMetricCollectionStage.execute(ApiCallMetricCollectionStage.java:50)
	at software.amazon.awssdk.core.internal.http.pipeline.stages.ApiCallMetricCollectionStage.execute(ApiCallMetricCollectionStage.java:32)
	at software.amazon.awssdk.core.internal.http.pipeline.RequestPipelineBuilder$ComposingRequestPipelineStage.execute(RequestPipelineBuilder.java:206)
	at software.amazon.awssdk.core.internal.http.pipeline.RequestPipelineBuilder$ComposingRequestPipelineStage.execute(RequestPipelineBuilder.java:206)
	at software.amazon.awssdk.core.internal.http.pipeline.stages.ExecutionFailureExceptionReportingStage.execute(ExecutionFailureExceptionReportingStage.java:37)
	at software.amazon.awssdk.core.internal.http.pipeline.stages.ExecutionFailureExceptionReportingStage.execute(ExecutionFailureExceptionReportingStage.java:26)
	at software.amazon.awssdk.core.internal.http.AmazonSyncHttpClient$RequestExecutionBuilderImpl.execute(AmazonSyncHttpClient.java:210)
	at software.amazon.awssdk.core.internal.handler.BaseSyncClientHandler.invoke(BaseSyncClientHandler.java:103)
	at software.amazon.awssdk.core.internal.handler.BaseSyncClientHandler.doExecute(BaseSyncClientHandler.java:173)
	at software.amazon.awssdk.core.internal.handler.BaseSyncClientHandler.lambda$execute$1(BaseSyncClientHandler.java:80)
	at software.amazon.awssdk.core.internal.handler.BaseSyncClientHandler.measureApiCallSuccess(BaseSyncClientHandler.java:182)
	at software.amazon.awssdk.core.internal.handler.BaseSyncClientHandler.execute(BaseSyncClientHandler.java:74)
	at software.amazon.awssdk.core.client.handler.SdkSyncClientHandler.execute(SdkSyncClientHandler.java:45)
	at software.amazon.awssdk.awscore.client.handler.AwsSyncClientHandler.execute(AwsSyncClientHandler.java:53)
	at software.amazon.awssdk.services.s3.DefaultS3Client.listObjects(DefaultS3Client.java:8563)
	at software.amazon.awssdk.services.s3.DelegatingS3Client.lambda$listObjects$68(DelegatingS3Client.java:6934)
	at software.amazon.awssdk.services.s3.internal.crossregion.S3CrossRegionSyncClient.invokeOperation(S3CrossRegionSyncClient.java:74)
	at software.amazon.awssdk.services.s3.DelegatingS3Client.listObjects(DelegatingS3Client.java:6934)
	at nextflow.cloud.aws.nio.S3Client.lambda$listObjects$2(S3Client.java:150)
	at nextflow.cloud.aws.nio.S3Client.runWithPermit(S3Client.java:106)
	at nextflow.cloud.aws.nio.S3Client.listObjects(S3Client.java:150)
	at nextflow.cloud.aws.nio.util.S3ObjectSummaryLookup.lookup(S3ObjectSummaryLookup.java:81)
	at nextflow.cloud.aws.nio.S3FileSystemProvider.checkAccess(S3FileSystemProvider.java:586)
	at java.base/java.nio.file.Files.exists(Files.java:2527)
	at nextflow.trace.TimelineObserver.onFlowCreate(TimelineObserver.groovy:79)
	at nextflow.Session$_notifyFlowCreate_lambda34.doCall(Session.groovy:1107)
	at nextflow.Session.notifyEvent(Session.groovy:1151)
	at nextflow.Session.notifyFlowCreate(Session.groovy:1107)
	at nextflow.Session.start(Session.groovy:596)
	at nextflow.script.ScriptRunner.execute(ScriptRunner.groovy:133)
	at nextflow.cli.CmdRun.run(CmdRun.groovy:429)
	at nextflow.cli.Launcher.run(Launcher.groovy:515)
	at nextflow.cli.Launcher.main(Launcher.groovy:675)
Apr-28 07:46:52.433 [main] DEBUG nextflow.trace.TraceFileObserver - Workflow started -- trace file: s3://dinesh-rdr-omics-2026/results/golden_standard/pipeline_info/trace.txt
Apr-28 07:46:52.552 [main] DEBUG nextflow.Session - Access Denied (Service: S3, Status Code: 403, Request ID: 31KJYZTQPXF67Q2N, Extended Request ID: I2I6pXKm4K8jsR7mAck2tv3lt9i5XPGLj/+1rDatz8Xa59kA8+gKNcCr3tjsnTJA9Wex9lO0fck=) (SDK Attempt Count: 1)
software.amazon.awssdk.services.s3.model.S3Exception: Access Denied (Service: S3, Status Code: 403, Request ID: 31KJYZTQPXF67Q2N, Extended Request ID: I2I6pXKm4K8jsR7mAck2tv3lt9i5XPGLj/+1rDatz8Xa59kA8+gKNcCr3tjsnTJA9Wex9lO0fck=) (SDK Attempt Count: 1)
	at software.amazon.awssdk.services.s3.model.S3Exception$BuilderImpl.build(S3Exception.java:113)
	at software.amazon.awssdk.services.s3.model.S3Exception$BuilderImpl.build(S3Exception.java:61)
	at software.amazon.awssdk.core.internal.http.pipeline.stages.utils.RetryableStageHelper.retryPolicyDisallowedRetryException(RetryableStageHelper.java:168)
	at software.amazon.awssdk.core.internal.http.pipeline.stages.RetryableStage.execute(RetryableStage.java:73)
	at software.amazon.awssdk.core.internal.http.pipeline.stages.RetryableStage.execute(RetryableStage.java:36)
	at software.amazon.awssdk.core.internal.http.pipeline.RequestPipelineBuilder$ComposingRequestPipelineStage.execute(RequestPipelineBuilder.java:206)
	at software.amazon.awssdk.core.internal.http.StreamManagingStage.execute(StreamManagingStage.java:53)
	at software.amazon.awssdk.core.internal.http.StreamManagingStage.execute(StreamManagingStage.java:35)
	at software.amazon.awssdk.core.internal.http.pipeline.stages.ApiCallTimeoutTrackingStage.executeWithTimer(ApiCallTimeoutTrackingStage.java:82)
	at software.amazon.awssdk.core.internal.http.pipeline.stages.ApiCallTimeoutTrackingStage.execute(ApiCallTimeoutTrackingStage.java:62)
	at software.amazon.awssdk.core.internal.http.pipeline.stages.ApiCallTimeoutTrackingStage.execute(ApiCallTimeoutTrackingStage.java:43)
	at software.amazon.awssdk.core.internal.http.pipeline.stages.ApiCallMetricCollectionStage.execute(ApiCallMetricCollectionStage.java:50)
	at software.amazon.awssdk.core.internal.http.pipeline.stages.ApiCallMetricCollectionStage.execute(ApiCallMetricCollectionStage.java:32)
	at software.amazon.awssdk.core.internal.http.pipeline.RequestPipelineBuilder$ComposingRequestPipelineStage.execute(RequestPipelineBuilder.java:206)
	at software.amazon.awssdk.core.internal.http.pipeline.RequestPipelineBuilder$ComposingRequestPipelineStage.execute(RequestPipelineBuilder.java:206)
	at software.amazon.awssdk.core.internal.http.pipeline.stages.ExecutionFailureExceptionReportingStage.execute(ExecutionFailureExceptionReportingStage.java:37)
	at software.amazon.awssdk.core.internal.http.pipeline.stages.ExecutionFailureExceptionReportingStage.execute(ExecutionFailureExceptionReportingStage.java:26)
	at software.amazon.awssdk.core.internal.http.AmazonSyncHttpClient$RequestExecutionBuilderImpl.execute(AmazonSyncHttpClient.java:210)
	at software.amazon.awssdk.core.internal.handler.BaseSyncClientHandler.invoke(BaseSyncClientHandler.java:103)
	at software.amazon.awssdk.core.internal.handler.BaseSyncClientHandler.doExecute(BaseSyncClientHandler.java:173)
	at software.amazon.awssdk.core.internal.handler.BaseSyncClientHandler.lambda$execute$1(BaseSyncClientHandler.java:80)
	at software.amazon.awssdk.core.internal.handler.BaseSyncClientHandler.measureApiCallSuccess(BaseSyncClientHandler.java:182)
	at software.amazon.awssdk.core.internal.handler.BaseSyncClientHandler.execute(BaseSyncClientHandler.java:74)
	at software.amazon.awssdk.core.client.handler.SdkSyncClientHandler.execute(SdkSyncClientHandler.java:45)
	at software.amazon.awssdk.awscore.client.handler.AwsSyncClientHandler.execute(AwsSyncClientHandler.java:53)
	at software.amazon.awssdk.services.s3.DefaultS3Client.putObject(DefaultS3Client.java:11883)
	at software.amazon.awssdk.services.s3.DelegatingS3Client.lambda$putObject$89(DelegatingS3Client.java:9716)
	at software.amazon.awssdk.services.s3.internal.crossregion.S3CrossRegionSyncClient.invokeOperation(S3CrossRegionSyncClient.java:67)
	at software.amazon.awssdk.services.s3.DelegatingS3Client.putObject(DelegatingS3Client.java:9716)
	at nextflow.cloud.aws.nio.S3Client.lambda$putObject$5(S3Client.java:223)
	at nextflow.cloud.aws.nio.S3Client.runWithPermit(S3Client.java:106)
	at nextflow.cloud.aws.nio.S3Client.putObject(S3Client.java:223)
	at nextflow.cloud.aws.nio.S3FileSystemProvider.createDirectory(S3FileSystemProvider.java:474)
	at java.base/java.nio.file.Files.createDirectory(Files.java:700)
	at java.base/java.nio.file.Files.createAndCheckIsDirectory(Files.java:807)
	at java.base/java.nio.file.Files.createDirectories(Files.java:753)
	at nextflow.trace.TraceFileObserver.onFlowCreate(TraceFileObserver.groovy:171)
	at nextflow.Session$_notifyFlowCreate_lambda34.doCall(Session.groovy:1107)
	at nextflow.Session.notifyEvent(Session.groovy:1151)
	at nextflow.Session.notifyFlowCreate(Session.groovy:1107)
	at nextflow.Session.start(Session.groovy:596)
	at nextflow.script.ScriptRunner.execute(ScriptRunner.groovy:133)
	at nextflow.cli.CmdRun.run(CmdRun.groovy:429)
	at nextflow.cli.Launcher.run(Launcher.groovy:515)
	at nextflow.cli.Launcher.main(Launcher.groovy:675)
Apr-28 07:46:52.682 [main] DEBUG nextflow.script.ScriptRunner - > Launching execution
Apr-28 07:46:54.128 [main] DEBUG n.script.dsl.ProcessConfigBuilder - Config settings `withLabel:process_medium` matches labels `process_medium` for process with name COMPLETE_PIPELINE:SRA_DOWNLOAD
Apr-28 07:46:54.134 [main] DEBUG n.script.dsl.ProcessConfigBuilder - Config settings `withName:SRA_DOWNLOAD` matches process COMPLETE_PIPELINE:SRA_DOWNLOAD
Apr-28 07:46:54.143 [main] DEBUG nextflow.executor.ExecutorFactory - << taskConfig executor: local
Apr-28 07:46:54.144 [main] DEBUG nextflow.executor.ExecutorFactory - >> processorType: 'local'
Apr-28 07:46:54.158 [main] DEBUG nextflow.executor.Executor - [warm up] executor > local
Apr-28 07:46:54.164 [main] DEBUG n.processor.LocalPollingMonitor - Creating local task monitor for executor 'local' > cpus=2; memory=7.8 GB; capacity=2; pollInterval=100ms; dumpInterval=5m
Apr-28 07:46:54.168 [main] DEBUG n.processor.TaskPollingMonitor - >>> barrier register (monitor: local)
Apr-28 07:46:54.191 [main] DEBUG nextflow.processor.TaskProcessor - Creating process 'COMPLETE_PIPELINE:SRA_DOWNLOAD': maxForks=0; fair=false; array=0
Apr-28 07:46:54.248 [main] DEBUG n.script.dsl.ProcessConfigBuilder - Config settings `withLabel:process_medium` matches labels `process_medium` for process with name COMPLETE_PIPELINE:PREPROCESS_SPATIAL
Apr-28 07:46:54.248 [main] DEBUG n.script.dsl.ProcessConfigBuilder - Config settings `withName:PREPROCESS_SPATIAL` matches process COMPLETE_PIPELINE:PREPROCESS_SPATIAL
Apr-28 07:46:54.251 [main] DEBUG nextflow.executor.ExecutorFactory - << taskConfig executor: local
Apr-28 07:46:54.251 [main] DEBUG nextflow.executor.ExecutorFactory - >> processorType: 'local'
Apr-28 07:46:54.252 [main] DEBUG nextflow.processor.TaskProcessor - Creating process 'COMPLETE_PIPELINE:PREPROCESS_SPATIAL': maxForks=0; fair=false; array=0
Apr-28 07:46:54.259 [main] DEBUG n.script.dsl.ProcessConfigBuilder - Config settings `withLabel:process_medium` matches labels `process_medium` for process with name COMPLETE_PIPELINE:PREPROCESS_SCRNA
Apr-28 07:46:54.260 [main] DEBUG n.script.dsl.ProcessConfigBuilder - Config settings `withName:PREPROCESS_SCRNA` matches process COMPLETE_PIPELINE:PREPROCESS_SCRNA
Apr-28 07:46:54.262 [main] DEBUG nextflow.executor.ExecutorFactory - << taskConfig executor: local
Apr-28 07:46:54.262 [main] DEBUG nextflow.executor.ExecutorFactory - >> processorType: 'local'
Apr-28 07:46:54.263 [main] DEBUG nextflow.processor.TaskProcessor - Creating process 'COMPLETE_PIPELINE:PREPROCESS_SCRNA': maxForks=0; fair=false; array=0
Apr-28 07:46:54.267 [main] DEBUG n.script.dsl.ProcessConfigBuilder - Config settings `withLabel:process_high` matches labels `process_high` for process with name COMPLETE_PIPELINE:CELLPOSE_SEGMENT
Apr-28 07:46:54.268 [main] DEBUG n.script.dsl.ProcessConfigBuilder - Config settings `withName:CELLPOSE_SEGMENT` matches process COMPLETE_PIPELINE:CELLPOSE_SEGMENT
Apr-28 07:46:54.273 [main] DEBUG nextflow.executor.ExecutorFactory - << taskConfig executor: local
Apr-28 07:46:54.273 [main] DEBUG nextflow.executor.ExecutorFactory - >> processorType: 'local'
Apr-28 07:46:54.274 [main] DEBUG nextflow.processor.TaskProcessor - Creating process 'COMPLETE_PIPELINE:CELLPOSE_SEGMENT': maxForks=0; fair=false; array=0
Apr-28 07:46:54.281 [main] DEBUG n.script.dsl.ProcessConfigBuilder - Config settings `withLabel:process_high` matches labels `process_high` for process with name COMPLETE_PIPELINE:SPATIAL_ANALYSIS
Apr-28 07:46:54.282 [main] DEBUG n.script.dsl.ProcessConfigBuilder - Config settings `withName:SPATIAL_ANALYSIS` matches process COMPLETE_PIPELINE:SPATIAL_ANALYSIS
Apr-28 07:46:54.287 [main] DEBUG nextflow.executor.ExecutorFactory - << taskConfig executor: local
Apr-28 07:46:54.287 [main] DEBUG nextflow.executor.ExecutorFactory - >> processorType: 'local'
Apr-28 07:46:54.288 [main] DEBUG nextflow.processor.TaskProcessor - Creating process 'COMPLETE_PIPELINE:SPATIAL_ANALYSIS': maxForks=0; fair=false; array=0
Apr-28 07:46:54.311 [main] DEBUG n.script.dsl.ProcessConfigBuilder - Config settings `withLabel:process_high` matches labels `process_high` for process with name COMPLETE_PIPELINE:SCRNA_ANALYSIS
Apr-28 07:46:54.312 [main] DEBUG n.script.dsl.ProcessConfigBuilder - Config settings `withName:SCRNA_ANALYSIS` matches process COMPLETE_PIPELINE:SCRNA_ANALYSIS
Apr-28 07:46:54.316 [main] DEBUG nextflow.executor.ExecutorFactory - << taskConfig executor: local
Apr-28 07:46:54.317 [main] DEBUG nextflow.executor.ExecutorFactory - >> processorType: 'local'
Apr-28 07:46:54.318 [main] DEBUG nextflow.processor.TaskProcessor - Creating process 'COMPLETE_PIPELINE:SCRNA_ANALYSIS': maxForks=0; fair=false; array=0
Apr-28 07:46:54.326 [main] DEBUG n.script.dsl.ProcessConfigBuilder - Config settings `withLabel:process_high` matches labels `process_high` for process with name COMPLETE_PIPELINE:ML_ANALYSIS
Apr-28 07:46:54.327 [main] DEBUG n.script.dsl.ProcessConfigBuilder - Config settings `withName:ML_ANALYSIS` matches process COMPLETE_PIPELINE:ML_ANALYSIS
Apr-28 07:46:54.331 [main] DEBUG nextflow.executor.ExecutorFactory - << taskConfig executor: local
Apr-28 07:46:54.332 [main] DEBUG nextflow.executor.ExecutorFactory - >> processorType: 'local'
Apr-28 07:46:54.332 [main] DEBUG nextflow.processor.TaskProcessor - Creating process 'COMPLETE_PIPELINE:ML_ANALYSIS': maxForks=0; fair=false; array=0
Apr-28 07:46:54.342 [main] DEBUG n.script.dsl.ProcessConfigBuilder - Config settings `withLabel:process_high` matches labels `process_high` for process with name COMPLETE_PIPELINE:GNN_ANALYSIS
Apr-28 07:46:54.343 [main] DEBUG n.script.dsl.ProcessConfigBuilder - Config settings `withName:GNN_ANALYSIS` matches process COMPLETE_PIPELINE:GNN_ANALYSIS
Apr-28 07:46:54.345 [main] DEBUG nextflow.executor.ExecutorFactory - << taskConfig executor: local
Apr-28 07:46:54.345 [main] DEBUG nextflow.executor.ExecutorFactory - >> processorType: 'local'
Apr-28 07:46:54.346 [main] DEBUG nextflow.processor.TaskProcessor - Creating process 'COMPLETE_PIPELINE:GNN_ANALYSIS': maxForks=0; fair=false; array=0
Apr-28 07:46:54.354 [main] DEBUG n.script.dsl.ProcessConfigBuilder - Config settings `withLabel:process_high` matches labels `process_high` for process with name COMPLETE_PIPELINE:TRAJECTORY_INFERENCE
Apr-28 07:46:54.356 [main] DEBUG n.script.dsl.ProcessConfigBuilder - Config settings `withName:TRAJECTORY_INFERENCE` matches process COMPLETE_PIPELINE:TRAJECTORY_INFERENCE
Apr-28 07:46:54.359 [main] DEBUG nextflow.executor.ExecutorFactory - << taskConfig executor: local
Apr-28 07:46:54.359 [main] DEBUG nextflow.executor.ExecutorFactory - >> processorType: 'local'
Apr-28 07:46:54.360 [main] DEBUG nextflow.processor.TaskProcessor - Creating process 'COMPLETE_PIPELINE:TRAJECTORY_INFERENCE': maxForks=0; fair=false; array=0
Apr-28 07:46:54.367 [main] DEBUG n.script.dsl.ProcessConfigBuilder - Config settings `withLabel:process_high` matches labels `process_high` for process with name COMPLETE_PIPELINE:CCC_CELLCHAT
Apr-28 07:46:54.374 [main] DEBUG n.script.dsl.ProcessConfigBuilder - Config settings `withName:CCC_CELLCHAT` matches process COMPLETE_PIPELINE:CCC_CELLCHAT
Apr-28 07:46:54.376 [main] DEBUG nextflow.executor.ExecutorFactory - << taskConfig executor: local
Apr-28 07:46:54.376 [main] DEBUG nextflow.executor.ExecutorFactory - >> processorType: 'local'
Apr-28 07:46:54.377 [main] DEBUG nextflow.processor.TaskProcessor - Creating process 'COMPLETE_PIPELINE:CCC_CELLCHAT': maxForks=0; fair=false; array=0
Apr-28 07:46:54.387 [main] DEBUG n.script.dsl.ProcessConfigBuilder - Config settings `withLabel:process_high` matches labels `process_high` for process with name COMPLETE_PIPELINE:CCC_LIANA
Apr-28 07:46:54.389 [main] DEBUG n.script.dsl.ProcessConfigBuilder - Config settings `withName:CCC_LIANA` matches process COMPLETE_PIPELINE:CCC_LIANA
Apr-28 07:46:54.391 [main] DEBUG nextflow.executor.ExecutorFactory - << taskConfig executor: local
Apr-28 07:46:54.391 [main] DEBUG nextflow.executor.ExecutorFactory - >> processorType: 'local'
Apr-28 07:46:54.392 [main] DEBUG nextflow.processor.TaskProcessor - Creating process 'COMPLETE_PIPELINE:CCC_LIANA': maxForks=0; fair=false; array=0
Apr-28 07:46:54.398 [main] DEBUG n.script.dsl.ProcessConfigBuilder - Config settings `withLabel:process_high` matches labels `process_high` for process with name COMPLETE_PIPELINE:CCC_COMMOT
Apr-28 07:46:54.399 [main] DEBUG n.script.dsl.ProcessConfigBuilder - Config settings `withName:CCC_COMMOT` matches process COMPLETE_PIPELINE:CCC_COMMOT
Apr-28 07:46:54.402 [main] DEBUG nextflow.executor.ExecutorFactory - << taskConfig executor: local
Apr-28 07:46:54.402 [main] DEBUG nextflow.executor.ExecutorFactory - >> processorType: 'local'
Apr-28 07:46:54.402 [main] DEBUG nextflow.processor.TaskProcessor - Creating process 'COMPLETE_PIPELINE:CCC_COMMOT': maxForks=0; fair=false; array=0
Apr-28 07:46:54.457 [main] DEBUG n.script.dsl.ProcessConfigBuilder - Config settings `withLabel:process_high` matches labels `process_high` for process with name COMPLETE_PIPELINE:FINAL_INTEGRATION
Apr-28 07:46:54.459 [main] DEBUG n.script.dsl.ProcessConfigBuilder - Config settings `withName:FINAL_INTEGRATION` matches process COMPLETE_PIPELINE:FINAL_INTEGRATION
Apr-28 07:46:54.463 [main] DEBUG nextflow.executor.ExecutorFactory - << taskConfig executor: local
Apr-28 07:46:54.463 [main] DEBUG nextflow.executor.ExecutorFactory - >> processorType: 'local'
Apr-28 07:46:54.464 [main] DEBUG nextflow.processor.TaskProcessor - Creating process 'COMPLETE_PIPELINE:FINAL_INTEGRATION': maxForks=0; fair=false; array=0
Apr-28 07:46:54.474 [main] DEBUG n.script.dsl.ProcessConfigBuilder - Config settings `withLabel:process_medium` matches labels `process_medium` for process with name COMPLETE_PIPELINE:GENERATE_REPORT
Apr-28 07:46:54.476 [main] DEBUG n.script.dsl.ProcessConfigBuilder - Config settings `withName:GENERATE_REPORT` matches process COMPLETE_PIPELINE:GENERATE_REPORT
Apr-28 07:46:54.482 [main] DEBUG nextflow.executor.ExecutorFactory - << taskConfig executor: local
Apr-28 07:46:54.482 [main] DEBUG nextflow.executor.ExecutorFactory - >> processorType: 'local'
Apr-28 07:46:54.483 [main] DEBUG nextflow.processor.TaskProcessor - Creating process 'COMPLETE_PIPELINE:GENERATE_REPORT': maxForks=0; fair=false; array=0
Apr-28 07:46:54.489 [main] DEBUG nextflow.Session - Workflow process names [dsl2]: SRA_DOWNLOAD, COMPLETE_PIPELINE:ML_ANALYSIS, FINAL_INTEGRATION, COMPLETE_PIPELINE:CCC_CELLCHAT, COMPLETE_PIPELINE:FINAL_INTEGRATION, PREPROCESS_SCRNA, COMPLETE_PIPELINE:PREPROCESS_SPATIAL, SCRNA_ANALYSIS, COMPLETE_PIPELINE:TRAJECTORY_INFERENCE, COMPLETE_PIPELINE:CELLPOSE_SEGMENT, COMPLETE_PIPELINE:CCC_LIANA, GNN_ANALYSIS, CCC_COMMOT, PREPROCESS_SPATIAL, COMPLETE_PIPELINE:SRA_DOWNLOAD, CELLPOSE_SEGMENT, COMPLETE_PIPELINE:CCC_COMMOT, COMPLETE_PIPELINE:SCRNA_ANALYSIS, CCC_CELLCHAT, TRAJECTORY_INFERENCE, COMPLETE_PIPELINE:PREPROCESS_SCRNA, COMPLETE_PIPELINE:SPATIAL_ANALYSIS, COMPLETE_PIPELINE:GNN_ANALYSIS, ML_ANALYSIS, GENERATE_REPORT, COMPLETE_PIPELINE:GENERATE_REPORT, SPATIAL_ANALYSIS, CCC_LIANA
Apr-28 07:46:54.503 [main] DEBUG nextflow.script.ScriptRunner - Parsed script files:
  Script_54825fe53937d56f: /app/home/user/ccc/main.nf
  Script_ba20292968823f40: /app/home/user/ccc/modules/local/final_integration.nf
  Script_040104fd1acda57b: /app/home/user/ccc/modules/local/cell_communication.nf
  Script_d166cf94ef822d81: /app/home/user/ccc/modules/local/preprocess_spatial.nf
  Script_1090f2bb13776943: /app/home/user/ccc/modules/local/scrna_analysis.nf
  Script_d3803f187203e9ab: /app/home/user/ccc/modules/local/generate_report.nf
  Script_236306d0ed98b926: /app/home/user/ccc/modules/local/ml_analysis.nf
  Script_79c2e76c96cb5f0d: /app/home/user/ccc/modules/local/spatial_analysis.nf
  Script_39d6c45c2cb4adab: /app/home/user/ccc/modules/local/trajectory_inference.nf
  Script_1308266e585f591f: /app/home/user/ccc/modules/local/preprocess_scrna.nf
  Script_e49907a6c7a38f60: /app/home/user/ccc/modules/local/gnn_analysis.nf
  Script_e4c908efe6cae898: /app/home/user/ccc/workflows/complete_pipeline.nf
  Script_9c9c53cd068091c7: /app/home/user/ccc/modules/local/image_processing.nf
  Script_5f1a4758baadb82f: /app/home/user/ccc/modules/local/sra_download.nf
Apr-28 07:46:54.512 [main] DEBUG n.trace.WorkflowStatsObserver - Workflow completed > WorkflowStats[succeededCount=0; failedCount=0; ignoredCount=0; cachedCount=0; pendingCount=0; submittedCount=0; runningCount=0; retriesCount=0; abortedCount=0; succeedDuration=0ms; failedDuration=0ms; cachedDuration=0ms;loadCpus=0; loadMemory=0; peakRunning=0; peakCpus=0; peakMemory=0; ]
Apr-28 07:46:54.574 [Task monitor] DEBUG n.processor.TaskPollingMonitor - <<< barrier arrives (monitor: local) - terminating tasks monitor poll loop
Apr-28 07:46:54.849 [main] DEBUG nextflow.Session - Access Denied (Service: S3, Status Code: 403, Request ID: TX44HT4ZH4FRQHVQ, Extended Request ID: hfMqjisQ5ziT9RyJrnbutqS69mNBSaAJR+Xa4/j1f4TdgMdcM1lccr5+Qa0ldQ5zAkkZ+lkh7N8=) (SDK Attempt Count: 1)
software.amazon.awssdk.services.s3.model.S3Exception: Access Denied (Service: S3, Status Code: 403, Request ID: TX44HT4ZH4FRQHVQ, Extended Request ID: hfMqjisQ5ziT9RyJrnbutqS69mNBSaAJR+Xa4/j1f4TdgMdcM1lccr5+Qa0ldQ5zAkkZ+lkh7N8=) (SDK Attempt Count: 1)
	at software.amazon.awssdk.services.s3.model.S3Exception$BuilderImpl.build(S3Exception.java:113)
	at software.amazon.awssdk.services.s3.model.S3Exception$BuilderImpl.build(S3Exception.java:61)
	at software.amazon.awssdk.core.internal.http.pipeline.stages.utils.RetryableStageHelper.retryPolicyDisallowedRetryException(RetryableStageHelper.java:168)
	at software.amazon.awssdk.core.internal.http.pipeline.stages.RetryableStage.execute(RetryableStage.java:73)
	at software.amazon.awssdk.core.internal.http.pipeline.stages.RetryableStage.execute(RetryableStage.java:36)
	at software.amazon.awssdk.core.internal.http.pipeline.RequestPipelineBuilder$ComposingRequestPipelineStage.execute(RequestPipelineBuilder.java:206)
	at software.amazon.awssdk.core.internal.http.StreamManagingStage.execute(StreamManagingStage.java:53)
	at software.amazon.awssdk.core.internal.http.StreamManagingStage.execute(StreamManagingStage.java:35)
	at software.amazon.awssdk.core.internal.http.pipeline.stages.ApiCallTimeoutTrackingStage.executeWithTimer(ApiCallTimeoutTrackingStage.java:82)
	at software.amazon.awssdk.core.internal.http.pipeline.stages.ApiCallTimeoutTrackingStage.execute(ApiCallTimeoutTrackingStage.java:62)
	at software.amazon.awssdk.core.internal.http.pipeline.stages.ApiCallTimeoutTrackingStage.execute(ApiCallTimeoutTrackingStage.java:43)
	at software.amazon.awssdk.core.internal.http.pipeline.stages.ApiCallMetricCollectionStage.execute(ApiCallMetricCollectionStage.java:50)
	at software.amazon.awssdk.core.internal.http.pipeline.stages.ApiCallMetricCollectionStage.execute(ApiCallMetricCollectionStage.java:32)
	at software.amazon.awssdk.core.internal.http.pipeline.RequestPipelineBuilder$ComposingRequestPipelineStage.execute(RequestPipelineBuilder.java:206)
	at software.amazon.awssdk.core.internal.http.pipeline.RequestPipelineBuilder$ComposingRequestPipelineStage.execute(RequestPipelineBuilder.java:206)
	at software.amazon.awssdk.core.internal.http.pipeline.stages.ExecutionFailureExceptionReportingStage.execute(ExecutionFailureExceptionReportingStage.java:37)
	at software.amazon.awssdk.core.internal.http.pipeline.stages.ExecutionFailureExceptionReportingStage.execute(ExecutionFailureExceptionReportingStage.java:26)
	at software.amazon.awssdk.core.internal.http.AmazonSyncHttpClient$RequestExecutionBuilderImpl.execute(AmazonSyncHttpClient.java:210)
	at software.amazon.awssdk.core.internal.handler.BaseSyncClientHandler.invoke(BaseSyncClientHandler.java:103)
	at software.amazon.awssdk.core.internal.handler.BaseSyncClientHandler.doExecute(BaseSyncClientHandler.java:173)
	at software.amazon.awssdk.core.internal.handler.BaseSyncClientHandler.lambda$execute$1(BaseSyncClientHandler.java:80)
	at software.amazon.awssdk.core.internal.handler.BaseSyncClientHandler.measureApiCallSuccess(BaseSyncClientHandler.java:182)
	at software.amazon.awssdk.core.internal.handler.BaseSyncClientHandler.execute(BaseSyncClientHandler.java:74)
	at software.amazon.awssdk.core.client.handler.SdkSyncClientHandler.execute(SdkSyncClientHandler.java:45)
	at software.amazon.awssdk.awscore.client.handler.AwsSyncClientHandler.execute(AwsSyncClientHandler.java:53)
	at software.amazon.awssdk.services.s3.DefaultS3Client.putObject(DefaultS3Client.java:11883)
	at software.amazon.awssdk.services.s3.DelegatingS3Client.lambda$putObject$89(DelegatingS3Client.java:9716)
	at software.amazon.awssdk.services.s3.internal.crossregion.S3CrossRegionSyncClient.invokeOperation(S3CrossRegionSyncClient.java:67)
	at software.amazon.awssdk.services.s3.DelegatingS3Client.putObject(DelegatingS3Client.java:9716)
	at nextflow.cloud.aws.nio.S3Client.lambda$putObject$5(S3Client.java:223)
	at nextflow.cloud.aws.nio.S3Client.runWithPermit(S3Client.java:106)
	at nextflow.cloud.aws.nio.S3Client.putObject(S3Client.java:223)
	at nextflow.cloud.aws.nio.S3FileSystemProvider.createDirectory(S3FileSystemProvider.java:474)
	at java.base/java.nio.file.Files.createDirectory(Files.java:700)
	at java.base/java.nio.file.Files.createAndCheckIsDirectory(Files.java:807)
	at java.base/java.nio.file.Files.createDirectories(Files.java:753)
	at org.codehaus.groovy.vmplugin.v8.IndyInterface.selectMethod(IndyInterface.java:355)
	at org.codehaus.groovy.vmplugin.v8.IndyInterface.fromCache(IndyInterface.java:321)
	at nextflow.extension.FilesEx.mkdirs(FilesEx.groovy:493)
	at nextflow.trace.GraphObserver.onFlowComplete(GraphObserver.groovy:85)
	at nextflow.Session$_notifyFlowComplete_lambda39.doCall(Session.groovy:1121)
	at nextflow.Session.notifyEvent(Session.groovy:1151)
	at nextflow.Session.notifyFlowComplete(Session.groovy:1121)
	at nextflow.Session.shutdown0(Session.groovy:779)
	at nextflow.Session.destroy(Session.groovy:724)
	at nextflow.script.ScriptRunner.shutdown(ScriptRunner.groovy:263)
	at nextflow.script.ScriptRunner.execute(ScriptRunner.groovy:147)
	at nextflow.cli.CmdRun.run(CmdRun.groovy:429)
	at nextflow.cli.Launcher.run(Launcher.groovy:515)
	at nextflow.cli.Launcher.main(Launcher.groovy:675)
Apr-28 07:46:54.850 [main] DEBUG nextflow.trace.ReportObserver - Workflow completed -- rendering execution report
Apr-28 07:46:55.761 [main] WARN  nextflow.trace.ReportObserver - Failed to render execution report -- see the log file for details
software.amazon.awssdk.services.s3.model.S3Exception: Access Denied (Service: S3, Status Code: 403, Request ID: EYM2FQA0Q3BSZHQX, Extended Request ID: uSQ6vDmdfgdIUvkQRW6fc/F66dc95CFVYccbYpzhYz/Qa+MVX4iSX4DR42vEPAzbshxzLvzKm14=) (SDK Attempt Count: 1)
	at software.amazon.awssdk.services.s3.model.S3Exception$BuilderImpl.build(S3Exception.java:113)
	at software.amazon.awssdk.services.s3.model.S3Exception$BuilderImpl.build(S3Exception.java:61)
	at software.amazon.awssdk.core.internal.http.pipeline.stages.utils.RetryableStageHelper.retryPolicyDisallowedRetryException(RetryableStageHelper.java:168)
	at software.amazon.awssdk.core.internal.http.pipeline.stages.RetryableStage.execute(RetryableStage.java:73)
	at software.amazon.awssdk.core.internal.http.pipeline.stages.RetryableStage.execute(RetryableStage.java:36)
	at software.amazon.awssdk.core.internal.http.pipeline.RequestPipelineBuilder$ComposingRequestPipelineStage.execute(RequestPipelineBuilder.java:206)
	at software.amazon.awssdk.core.internal.http.StreamManagingStage.execute(StreamManagingStage.java:53)
	at software.amazon.awssdk.core.internal.http.StreamManagingStage.execute(StreamManagingStage.java:35)
	at software.amazon.awssdk.core.internal.http.pipeline.stages.ApiCallTimeoutTrackingStage.executeWithTimer(ApiCallTimeoutTrackingStage.java:82)
	at software.amazon.awssdk.core.internal.http.pipeline.stages.ApiCallTimeoutTrackingStage.execute(ApiCallTimeoutTrackingStage.java:62)
	at software.amazon.awssdk.core.internal.http.pipeline.stages.ApiCallTimeoutTrackingStage.execute(ApiCallTimeoutTrackingStage.java:43)
	at software.amazon.awssdk.core.internal.http.pipeline.stages.ApiCallMetricCollectionStage.execute(ApiCallMetricCollectionStage.java:50)
	at software.amazon.awssdk.core.internal.http.pipeline.stages.ApiCallMetricCollectionStage.execute(ApiCallMetricCollectionStage.java:32)
	at software.amazon.awssdk.core.internal.http.pipeline.RequestPipelineBuilder$ComposingRequestPipelineStage.execute(RequestPipelineBuilder.java:206)
	at software.amazon.awssdk.core.internal.http.pipeline.RequestPipelineBuilder$ComposingRequestPipelineStage.execute(RequestPipelineBuilder.java:206)
	at software.amazon.awssdk.core.internal.http.pipeline.stages.ExecutionFailureExceptionReportingStage.execute(ExecutionFailureExceptionReportingStage.java:37)
	at software.amazon.awssdk.core.internal.http.pipeline.stages.ExecutionFailureExceptionReportingStage.execute(ExecutionFailureExceptionReportingStage.java:26)
	at software.amazon.awssdk.core.internal.http.AmazonSyncHttpClient$RequestExecutionBuilderImpl.execute(AmazonSyncHttpClient.java:210)
	at software.amazon.awssdk.core.internal.handler.BaseSyncClientHandler.invoke(BaseSyncClientHandler.java:103)
	at software.amazon.awssdk.core.internal.handler.BaseSyncClientHandler.doExecute(BaseSyncClientHandler.java:173)
	at software.amazon.awssdk.core.internal.handler.BaseSyncClientHandler.lambda$execute$1(BaseSyncClientHandler.java:80)
	at software.amazon.awssdk.core.internal.handler.BaseSyncClientHandler.measureApiCallSuccess(BaseSyncClientHandler.java:182)
	at software.amazon.awssdk.core.internal.handler.BaseSyncClientHandler.execute(BaseSyncClientHandler.java:74)
	at software.amazon.awssdk.core.client.handler.SdkSyncClientHandler.execute(SdkSyncClientHandler.java:45)
	at software.amazon.awssdk.awscore.client.handler.AwsSyncClientHandler.execute(AwsSyncClientHandler.java:53)
	at software.amazon.awssdk.services.s3.DefaultS3Client.putObject(DefaultS3Client.java:11883)
	at software.amazon.awssdk.services.s3.DelegatingS3Client.lambda$putObject$89(DelegatingS3Client.java:9716)
	at software.amazon.awssdk.services.s3.internal.crossregion.S3CrossRegionSyncClient.invokeOperation(S3CrossRegionSyncClient.java:67)
	at software.amazon.awssdk.services.s3.DelegatingS3Client.putObject(DelegatingS3Client.java:9716)
	at nextflow.cloud.aws.nio.S3Client.lambda$putObject$5(S3Client.java:223)
	at nextflow.cloud.aws.nio.S3Client.runWithPermit(S3Client.java:106)
	at nextflow.cloud.aws.nio.S3Client.putObject(S3Client.java:223)
	at nextflow.cloud.aws.nio.S3FileSystemProvider.createDirectory(S3FileSystemProvider.java:474)
	at java.base/java.nio.file.Files.createDirectory(Files.java:700)
	at java.base/java.nio.file.Files.createAndCheckIsDirectory(Files.java:807)
	at java.base/java.nio.file.Files.createDirectories(Files.java:753)
	at nextflow.trace.ReportObserver.renderHtml(ReportObserver.groovy:241)
	at nextflow.trace.ReportObserver.onFlowComplete(ReportObserver.groovy:129)
	at nextflow.Session$_notifyFlowComplete_lambda39.doCall(Session.groovy:1121)
	at nextflow.Session.notifyEvent(Session.groovy:1151)
	at nextflow.Session.notifyFlowComplete(Session.groovy:1121)
	at nextflow.Session.shutdown0(Session.groovy:779)
	at nextflow.Session.destroy(Session.groovy:724)
	at nextflow.script.ScriptRunner.shutdown(ScriptRunner.groovy:263)
	at nextflow.script.ScriptRunner.execute(ScriptRunner.groovy:147)
	at nextflow.cli.CmdRun.run(CmdRun.groovy:429)
	at nextflow.cli.Launcher.run(Launcher.groovy:515)
	at nextflow.cli.Launcher.main(Launcher.groovy:675)
Apr-28 07:46:55.765 [main] DEBUG nextflow.trace.TimelineObserver - Workflow completed -- rendering execution timeline
Apr-28 07:46:56.091 [main] WARN  nextflow.trace.TimelineObserver - Failed to render execution timeline -- see the log file for details
software.amazon.awssdk.services.s3.model.S3Exception: Access Denied (Service: S3, Status Code: 403, Request ID: YZWPQ5PPBVPKDG7Q, Extended Request ID: 8JAK6wCLjEoFFi+v5FLNVoGvYV4RGGHgdpaMrnZ965l8p78AAGBv3q8RZlZ35cSWy3VA2oML7QM=) (SDK Attempt Count: 1)
	at software.amazon.awssdk.services.s3.model.S3Exception$BuilderImpl.build(S3Exception.java:113)
	at software.amazon.awssdk.services.s3.model.S3Exception$BuilderImpl.build(S3Exception.java:61)
	at software.amazon.awssdk.core.internal.http.pipeline.stages.utils.RetryableStageHelper.retryPolicyDisallowedRetryException(RetryableStageHelper.java:168)
	at software.amazon.awssdk.core.internal.http.pipeline.stages.RetryableStage.execute(RetryableStage.java:73)
	at software.amazon.awssdk.core.internal.http.pipeline.stages.RetryableStage.execute(RetryableStage.java:36)
	at software.amazon.awssdk.core.internal.http.pipeline.RequestPipelineBuilder$ComposingRequestPipelineStage.execute(RequestPipelineBuilder.java:206)
	at software.amazon.awssdk.core.internal.http.StreamManagingStage.execute(StreamManagingStage.java:53)
	at software.amazon.awssdk.core.internal.http.StreamManagingStage.execute(StreamManagingStage.java:35)
	at software.amazon.awssdk.core.internal.http.pipeline.stages.ApiCallTimeoutTrackingStage.executeWithTimer(ApiCallTimeoutTrackingStage.java:82)
	at software.amazon.awssdk.core.internal.http.pipeline.stages.ApiCallTimeoutTrackingStage.execute(ApiCallTimeoutTrackingStage.java:62)
	at software.amazon.awssdk.core.internal.http.pipeline.stages.ApiCallTimeoutTrackingStage.execute(ApiCallTimeoutTrackingStage.java:43)
	at software.amazon.awssdk.core.internal.http.pipeline.stages.ApiCallMetricCollectionStage.execute(ApiCallMetricCollectionStage.java:50)
	at software.amazon.awssdk.core.internal.http.pipeline.stages.ApiCallMetricCollectionStage.execute(ApiCallMetricCollectionStage.java:32)
	at software.amazon.awssdk.core.internal.http.pipeline.RequestPipelineBuilder$ComposingRequestPipelineStage.execute(RequestPipelineBuilder.java:206)
	at software.amazon.awssdk.core.internal.http.pipeline.RequestPipelineBuilder$ComposingRequestPipelineStage.execute(RequestPipelineBuilder.java:206)
	at software.amazon.awssdk.core.internal.http.pipeline.stages.ExecutionFailureExceptionReportingStage.execute(ExecutionFailureExceptionReportingStage.java:37)
	at software.amazon.awssdk.core.internal.http.pipeline.stages.ExecutionFailureExceptionReportingStage.execute(ExecutionFailureExceptionReportingStage.java:26)
	at software.amazon.awssdk.core.internal.http.AmazonSyncHttpClient$RequestExecutionBuilderImpl.execute(AmazonSyncHttpClient.java:210)
	at software.amazon.awssdk.core.internal.handler.BaseSyncClientHandler.invoke(BaseSyncClientHandler.java:103)
	at software.amazon.awssdk.core.internal.handler.BaseSyncClientHandler.doExecute(BaseSyncClientHandler.java:173)
	at software.amazon.awssdk.core.internal.handler.BaseSyncClientHandler.lambda$execute$1(BaseSyncClientHandler.java:80)
	at software.amazon.awssdk.core.internal.handler.BaseSyncClientHandler.measureApiCallSuccess(BaseSyncClientHandler.java:182)
	at software.amazon.awssdk.core.internal.handler.BaseSyncClientHandler.execute(BaseSyncClientHandler.java:74)
	at software.amazon.awssdk.core.client.handler.SdkSyncClientHandler.execute(SdkSyncClientHandler.java:45)
	at software.amazon.awssdk.awscore.client.handler.AwsSyncClientHandler.execute(AwsSyncClientHandler.java:53)
	at software.amazon.awssdk.services.s3.DefaultS3Client.putObject(DefaultS3Client.java:11883)
	at software.amazon.awssdk.services.s3.DelegatingS3Client.lambda$putObject$89(DelegatingS3Client.java:9716)
	at software.amazon.awssdk.services.s3.internal.crossregion.S3CrossRegionSyncClient.invokeOperation(S3CrossRegionSyncClient.java:67)
	at software.amazon.awssdk.services.s3.DelegatingS3Client.putObject(DelegatingS3Client.java:9716)
	at nextflow.cloud.aws.nio.S3Client.lambda$putObject$5(S3Client.java:223)
	at nextflow.cloud.aws.nio.S3Client.runWithPermit(S3Client.java:106)
	at nextflow.cloud.aws.nio.S3Client.putObject(S3Client.java:223)
	at nextflow.cloud.aws.nio.S3FileSystemProvider.createDirectory(S3FileSystemProvider.java:474)
	at java.base/java.nio.file.Files.createDirectory(Files.java:700)
	at java.base/java.nio.file.Files.createAndCheckIsDirectory(Files.java:807)
	at java.base/java.nio.file.Files.createDirectories(Files.java:753)
	at nextflow.trace.TimelineObserver.renderHtml(TimelineObserver.groovy:162)
	at nextflow.trace.TimelineObserver.onFlowComplete(TimelineObserver.groovy:91)
	at nextflow.Session$_notifyFlowComplete_lambda39.doCall(Session.groovy:1121)
	at nextflow.Session.notifyEvent(Session.groovy:1151)
	at nextflow.Session.notifyFlowComplete(Session.groovy:1121)
	at nextflow.Session.shutdown0(Session.groovy:779)
	at nextflow.Session.destroy(Session.groovy:724)
	at nextflow.script.ScriptRunner.shutdown(ScriptRunner.groovy:263)
	at nextflow.script.ScriptRunner.execute(ScriptRunner.groovy:147)
	at nextflow.cli.CmdRun.run(CmdRun.groovy:429)
	at nextflow.cli.Launcher.run(Launcher.groovy:515)
	at nextflow.cli.Launcher.main(Launcher.groovy:675)
Apr-28 07:46:56.092 [main] DEBUG nextflow.trace.TraceFileObserver - Workflow completed -- saving trace file
Apr-28 07:46:56.092 [main] DEBUG nextflow.Session - Cannot invoke "groovyx.gpars.agent.Agent.await()" because "this.writer" is null
java.lang.NullPointerException: Cannot invoke "groovyx.gpars.agent.Agent.await()" because "this.writer" is null
	at nextflow.trace.TraceFileObserver.onFlowComplete(TraceFileObserver.groovy:189)
	at nextflow.Session$_notifyFlowComplete_lambda39.doCall(Session.groovy:1121)
	at nextflow.Session.notifyEvent(Session.groovy:1151)
	at nextflow.Session.notifyFlowComplete(Session.groovy:1121)
	at nextflow.Session.shutdown0(Session.groovy:779)
	at nextflow.Session.destroy(Session.groovy:724)
	at nextflow.script.ScriptRunner.shutdown(ScriptRunner.groovy:263)
	at nextflow.script.ScriptRunner.execute(ScriptRunner.groovy:147)
	at nextflow.cli.CmdRun.run(CmdRun.groovy:429)
	at nextflow.cli.Launcher.run(Launcher.groovy:515)
	at nextflow.cli.Launcher.main(Launcher.groovy:675)
Apr-28 07:46:56.098 [main] DEBUG nextflow.cache.CacheDB - Closing CacheDB done
Apr-28 07:46:56.111 [main] INFO  org.pf4j.AbstractPluginManager - Stop plugin 'nf-amazon@3.4.4'
Apr-28 07:46:56.111 [main] DEBUG nextflow.plugin.BasePlugin - Plugin stopped nf-amazon
Apr-28 07:46:56.112 [main] INFO  org.pf4j.AbstractPluginManager - Stop plugin 'nf-wave@1.16.1'
Apr-28 07:46:56.112 [main] DEBUG nextflow.plugin.BasePlugin - Plugin stopped nf-wave
Apr-28 07:46:56.115 [main] DEBUG nextflow.util.ThreadPoolManager - Thread pool 'FileTransfer' shutdown completed (hard=false)
Apr-28 07:46:56.115 [main] DEBUG nextflow.script.ScriptRunner - > Execution complete -- Goodbye
